<?xml version="1.0" encoding="utf-8"?><testsuites><testsuite name="pytest" errors="0" failures="0" skipped="0" tests="1" time="0.267" timestamp="2021-10-29T19:17:13.044748" hostname="Felipe-PC"><testcase classname="challenges.test_challengeEight.Testchallenges" name="test_challengeOne" file="challenges\test_challengeEight.py" line="3" time="0.218"><system-out>--------------------------------- Captured Log ---------------------------------

--------------------------------- Captured Out ---------------------------------
&lt;html style="height:100%"&gt;&lt;head&gt;&lt;META NAME="ROBOTS" CONTENT="NOINDEX, NOFOLLOW"&gt;&lt;meta name="format-detection" content="telephone=no"&gt;&lt;meta name="viewport" content="initial-scale=1.0"&gt;&lt;meta http-equiv="X-UA-Compatible" content="IE=edge,chrome=1"&gt;&lt;script type="text/javascript" src="/_Incapsula_Resource?SWJIYLWA=719d34d31c8e3a6e6fffd425f7e032f3"&gt;&lt;/script&gt;&lt;/head&gt;&lt;body style="margin:0px;height:100%"&gt;&lt;iframe id="main-iframe" src="/_Incapsula_Resource?CWUDNSAI=23&amp;xinfo=14-35517774-0%200NNN%20RT%281635556632575%2058%29%20q%280%20-1%20-1%201%29%20r%280%20-1%29%20B15%284%2c200%2c0%29%20U6&amp;incident_id=1162000480052239734-204795456772508686&amp;edet=15&amp;cinfo=04000000&amp;rpinfo=0&amp;mth=POST" frameborder=0 width="100%" height="100%" marginheight="0px" marginwidth="0px"&gt;Request unsuccessful. Incapsula incident ID: 1162000480052239734-204795456772508686&lt;/iframe&gt;&lt;/body&gt;&lt;/html&gt;

</system-out><system-err>--------------------------------- Captured Err ---------------------------------

</system-err></testcase></testsuite></testsuites>